[debug] [2024-01-20T06:46:06.497Z] ----------------------------------------------------------------------
[debug] [2024-01-20T06:46:06.504Z] Command:       C:\Program Files\nodejs\node.exe C:\Users\Administrator\AppData\Roaming\npm\node_modules\firebase-tools\lib\bin\firebase.js init hosting
[debug] [2024-01-20T06:46:06.505Z] CLI Version:   13.0.3
[debug] [2024-01-20T06:46:06.505Z] Platform:      win32
[debug] [2024-01-20T06:46:06.506Z] Node Version:  v20.11.0
[debug] [2024-01-20T06:46:06.507Z] Time:          Fri Jan 19 2024 22:46:06 GMT-0800 (Pacific Standard Time)
[debug] [2024-01-20T06:46:06.507Z] ----------------------------------------------------------------------
[debug] 
[debug] [2024-01-20T06:46:06.514Z] >>> [apiv2][query] GET https://firebase-public.firebaseio.com/cli.json [none]
[debug] [2024-01-20T06:46:06.635Z] > command requires scopes: ["email","openid","https://www.googleapis.com/auth/cloudplatformprojects.readonly","https://www.googleapis.com/auth/firebase","https://www.googleapis.com/auth/cloud-platform"]
[debug] [2024-01-20T06:46:06.636Z] > authorizing via signed-in user (einsteinium.aditya.kumar@gmail.com)
[info] 
     ######## #### ########  ######## ########     ###     ######  ########
     ##        ##  ##     ## ##       ##     ##  ##   ##  ##       ##
     ######    ##  ########  ######   ########  #########  ######  ######
     ##        ##  ##    ##  ##       ##     ## ##     ##       ## ##
     ##       #### ##     ## ######## ########  ##     ##  ######  ########

You're about to initialize a Firebase project in this directory:

  C:\Users\Administrator\Downloads\AppD\Apps4Rent\apps4rent

[debug] [2024-01-20T06:46:06.905Z] <<< [apiv2][status] GET https://firebase-public.firebaseio.com/cli.json 200
[debug] [2024-01-20T06:46:06.907Z] <<< [apiv2][body] GET https://firebase-public.firebaseio.com/cli.json {"cloudBuildErrorAfter":1594252800000,"cloudBuildWarnAfter":1590019200000,"defaultNode10After":1594252800000,"minVersion":"3.0.5","node8DeploysDisabledAfter":1613390400000,"node8RuntimeDisabledAfter":1615809600000,"node8WarnAfter":1600128000000}
[info] 
=== Project Setup
[info] 
[info] First, let's associate this project directory with a Firebase project.
[info] You can create multiple project aliases by running firebase use --add, 
[info] but for now we'll just set up a default project.
[info] 
[debug] [2024-01-20T06:46:21.640Z] > refreshing access token with scopes: []
[debug] [2024-01-20T06:46:21.644Z] >>> [apiv2][query] POST https://www.googleapis.com/oauth2/v3/token [none]
[debug] [2024-01-20T06:46:21.645Z] >>> [apiv2][body] POST https://www.googleapis.com/oauth2/v3/token [omitted]
[debug] [2024-01-20T06:46:21.798Z] <<< [apiv2][status] POST https://www.googleapis.com/oauth2/v3/token 200
[debug] [2024-01-20T06:46:21.798Z] <<< [apiv2][body] POST https://www.googleapis.com/oauth2/v3/token [omitted]
[debug] [2024-01-20T06:46:21.817Z] >>> [apiv2][query] GET https://firebase.googleapis.com/v1beta1/projects pageSize=100
[debug] [2024-01-20T06:46:22.102Z] <<< [apiv2][status] GET https://firebase.googleapis.com/v1beta1/projects 200
[debug] [2024-01-20T06:46:22.102Z] <<< [apiv2][body] GET https://firebase.googleapis.com/v1beta1/projects [omitted]
[info] i  Using project apps4rent-28287 (Apps4Rent) 
[info] 
=== Hosting Setup
[debug] [2024-01-20T06:46:24.491Z] >>> [apiv2][query] GET https://firebase.googleapis.com/v1beta1/projects/apps4rent-28287 [none]
[debug] [2024-01-20T06:46:24.734Z] <<< [apiv2][status] GET https://firebase.googleapis.com/v1beta1/projects/apps4rent-28287 200
[debug] [2024-01-20T06:46:24.735Z] <<< [apiv2][body] GET https://firebase.googleapis.com/v1beta1/projects/apps4rent-28287 {"projectId":"apps4rent-28287","projectNumber":"1072062903150","displayName":"Apps4Rent","name":"projects/apps4rent-28287","resources":{"hostingSite":"apps4rent-28287"},"state":"ACTIVE","etag":"1_2552e20a-0e97-4a41-ae0a-53e2fefe531a"}
[info] 
[info] Your public directory is the folder (relative to your project directory) that
[info] will contain Hosting assets to be uploaded with firebase deploy. If you
[info] have a build process for your assets, use your build's output directory.
[info] 
[debug] [2024-01-20T07:05:01.212Z] ----------------------------------------------------------------------
[debug] [2024-01-20T07:05:01.219Z] Command:       C:\Program Files\nodejs\node.exe C:\Users\Administrator\AppData\Roaming\npm\node_modules\firebase-tools\lib\bin\firebase.js init hosting
[debug] [2024-01-20T07:05:01.220Z] CLI Version:   13.0.3
[debug] [2024-01-20T07:05:01.221Z] Platform:      win32
[debug] [2024-01-20T07:05:01.222Z] Node Version:  v20.11.0
[debug] [2024-01-20T07:05:01.222Z] Time:          Fri Jan 19 2024 23:05:01 GMT-0800 (Pacific Standard Time)
[debug] [2024-01-20T07:05:01.222Z] ----------------------------------------------------------------------
[debug] 
[debug] [2024-01-20T07:05:01.239Z] > command requires scopes: ["email","openid","https://www.googleapis.com/auth/cloudplatformprojects.readonly","https://www.googleapis.com/auth/firebase","https://www.googleapis.com/auth/cloud-platform"]
[debug] [2024-01-20T07:05:01.240Z] > authorizing via signed-in user (einsteinium.aditya.kumar@gmail.com)
[info] 
     ######## #### ########  ######## ########     ###     ######  ########
     ##        ##  ##     ## ##       ##     ##  ##   ##  ##       ##
     ######    ##  ########  ######   ########  #########  ######  ######
     ##        ##  ##    ##  ##       ##     ## ##     ##       ## ##
     ##       #### ##     ## ######## ########  ##     ##  ######  ########

You're about to initialize a Firebase project in this directory:

  C:\Users\Administrator\Downloads\AppD\Apps4Rent\apps4rent

[info] 
=== Project Setup
[info] 
[info] First, let's associate this project directory with a Firebase project.
[info] You can create multiple project aliases by running firebase use --add, 
[info] but for now we'll just set up a default project.
[info] 
[debug] [2024-01-20T07:05:08.347Z] >>> [apiv2][query] GET https://firebase.googleapis.com/v1beta1/projects pageSize=100
[debug] [2024-01-20T07:05:08.793Z] <<< [apiv2][status] GET https://firebase.googleapis.com/v1beta1/projects 200
[debug] [2024-01-20T07:05:08.793Z] <<< [apiv2][body] GET https://firebase.googleapis.com/v1beta1/projects [omitted]
[info] i  Using project apps4rent-28287 (Apps4Rent) 
[info] 
=== Hosting Setup
[debug] [2024-01-20T07:05:09.965Z] >>> [apiv2][query] GET https://firebase.googleapis.com/v1beta1/projects/apps4rent-28287 [none]
[debug] [2024-01-20T07:05:10.145Z] <<< [apiv2][status] GET https://firebase.googleapis.com/v1beta1/projects/apps4rent-28287 200
[debug] [2024-01-20T07:05:10.146Z] <<< [apiv2][body] GET https://firebase.googleapis.com/v1beta1/projects/apps4rent-28287 {"projectId":"apps4rent-28287","projectNumber":"1072062903150","displayName":"Apps4Rent","name":"projects/apps4rent-28287","resources":{"hostingSite":"apps4rent-28287"},"state":"ACTIVE","etag":"1_2552e20a-0e97-4a41-ae0a-53e2fefe531a"}
[info] 
[info] i  Didn't detect a .git folder. Assuming C:\Users\Administrator\Downloads\AppD\Apps4Rent\apps4rent is the project root. 
[info] i  Authorizing with GitHub to upload your service account to a GitHub repository's secrets store. 
[info] 
[info] Visit this URL on this device to log in:
[info] https://github.com/login/oauth/authorize?client_id=89cf50f02ac6aaed3484&state=195358430&redirect_uri=http%3A%2F%2Flocalhost%3A9005&scope=read%3Auser%20repo%20public_repo
[info] 
[info] Waiting for authentication...
[debug] [2024-01-20T07:07:01.070Z] >>> [apiv2][query] POST https://github.com/login/oauth/access_token [none]
[debug] [2024-01-20T07:07:01.071Z] >>> [apiv2][body] POST https://github.com/login/oauth/access_token [stream]
[debug] [2024-01-20T07:07:01.254Z] <<< [apiv2][status] POST https://github.com/login/oauth/access_token 200
[debug] [2024-01-20T07:07:01.254Z] <<< [apiv2][body] POST https://github.com/login/oauth/access_token {"access_token":"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","token_type":"bearer","scope":"read:user,repo"}
[debug] [2024-01-20T07:07:01.283Z] >>> [apiv2][query] GET https://api.github.com/user [none]
[debug] [2024-01-20T07:07:01.460Z] <<< [apiv2][status] GET https://api.github.com/user 200
[debug] [2024-01-20T07:07:01.460Z] <<< [apiv2][body] GET https://api.github.com/user {"login":"katalystaditya","id":147613740,"node_id":"U_kgDOCMxoLA","avatar_url":"https://avatars.githubusercontent.com/u/147613740?v=4","gravatar_id":"","url":"https://api.github.com/users/katalystaditya","html_url":"https://github.com/katalystaditya","followers_url":"https://api.github.com/users/katalystaditya/followers","following_url":"https://api.github.com/users/katalystaditya/following{/other_user}","gists_url":"https://api.github.com/users/katalystaditya/gists{/gist_id}","starred_url":"https://api.github.com/users/katalystaditya/starred{/owner}{/repo}","subscriptions_url":"https://api.github.com/users/katalystaditya/subscriptions","organizations_url":"https://api.github.com/users/katalystaditya/orgs","repos_url":"https://api.github.com/users/katalystaditya/repos","events_url":"https://api.github.com/users/katalystaditya/events{/privacy}","received_events_url":"https://api.github.com/users/katalystaditya/received_events","type":"User","site_admin":false,"name":"Aditya Kumar","company":"Katalyst","blog":"","location":null,"email":null,"hireable":null,"bio":null,"twitter_username":null,"public_repos":0,"public_gists":0,"followers":0,"following":0,"created_at":"2023-10-11T11:21:41Z","updated_at":"2024-01-20T07:06:18Z","private_gists":0,"total_private_repos":1,"owned_private_repos":1,"disk_usage":49,"collaborators":0,"two_factor_authentication":false,"plan":{"name":"free","space":976562499,"collaborators":0,"private_repos":10000}}
[info] 
[info] +  Success! Logged into GitHub as katalystaditya 
[info] 
